{"contracts/interface/IOracle.sol":{"l":{},"path":"/Users/ivanzhelyazkov/Work/side/origin/usdx-vault-task/contracts/interface/IOracle.sol","s":{},"b":{},"f":{},"fnMap":{},"statementMap":{},"branchMap":{}},"contracts/interface/IUSDX.sol":{"l":{},"path":"/Users/ivanzhelyazkov/Work/side/origin/usdx-vault-task/contracts/interface/IUSDX.sol","s":{},"b":{},"f":{},"fnMap":{},"statementMap":{},"branchMap":{}},"contracts/libraries/DecimalScale.sol":{"l":{"16":50,"17":0,"19":25,"21":50},"path":"/Users/ivanzhelyazkov/Work/side/origin/usdx-vault-task/contracts/libraries/DecimalScale.sol","s":{"1":50,"2":0,"3":50,"4":25,"5":50},"b":{"1":[0,50],"2":[25,25]},"f":{"1":50},"fnMap":{"1":{"name":"scale","line":11,"loc":{"start":{"line":11,"column":4},"end":{"line":22,"column":4}}}},"statementMap":{"1":{"start":{"line":16,"column":8},"end":{"line":16,"column":391}},"2":{"start":{"line":17,"column":12},"end":{"line":17,"column":40}},"3":{"start":{"line":18,"column":15},"end":{"line":18,"column":466}},"4":{"start":{"line":19,"column":12},"end":{"line":19,"column":40}},"5":{"start":{"line":21,"column":8},"end":{"line":21,"column":18}}},"branchMap":{"1":{"line":16,"type":"if","locations":[{"start":{"line":16,"column":8},"end":{"line":16,"column":8}},{"start":{"line":16,"column":8},"end":{"line":16,"column":8}}]},"2":{"line":18,"type":"if","locations":[{"start":{"line":18,"column":15},"end":{"line":18,"column":15}},{"start":{"line":18,"column":15},"end":{"line":18,"column":15}}]}}},"contracts/Oracle.sol":{"l":{"16":58,"24":4},"path":"/Users/ivanzhelyazkov/Work/side/origin/usdx-vault-task/contracts/Oracle.sol","s":{"1":58,"2":4},"b":{},"f":{"1":58,"2":4},"fnMap":{"1":{"name":"getAssetPrice","line":11,"loc":{"start":{"line":11,"column":4},"end":{"line":17,"column":4}}},"2":{"name":"setAssetPrice","line":23,"loc":{"start":{"line":23,"column":4},"end":{"line":25,"column":4}}}},"statementMap":{"1":{"start":{"line":16,"column":8},"end":{"line":16,"column":33}},"2":{"start":{"line":24,"column":8},"end":{"line":24,"column":33}}},"branchMap":{}},"contracts/test/ERC20Basic.sol":{"l":{"8":2},"path":"/Users/ivanzhelyazkov/Work/side/origin/usdx-vault-task/contracts/test/ERC20Basic.sol","s":{"1":2},"b":{},"f":{"1":2},"fnMap":{"1":{"name":"constructor","line":7,"loc":{"start":{"line":7,"column":4},"end":{"line":9,"column":4}}}},"statementMap":{"1":{"start":{"line":8,"column":8},"end":{"line":8,"column":72}}},"branchMap":{}},"contracts/test/ERC20Decimals.sol":{"l":{"15":2,"16":2,"20":4},"path":"/Users/ivanzhelyazkov/Work/side/origin/usdx-vault-task/contracts/test/ERC20Decimals.sol","s":{"1":2,"2":2,"3":4},"b":{},"f":{"1":2,"2":4},"fnMap":{"1":{"name":"constructor","line":14,"loc":{"start":{"line":10,"column":4},"end":{"line":17,"column":4}}},"2":{"name":"decimals","line":19,"loc":{"start":{"line":19,"column":4},"end":{"line":21,"column":4}}}},"statementMap":{"1":{"start":{"line":15,"column":8},"end":{"line":15,"column":29}},"2":{"start":{"line":16,"column":8},"end":{"line":16,"column":72}},"3":{"start":{"line":20,"column":8},"end":{"line":20,"column":24}}},"branchMap":{}},"contracts/USDX.sol":{"l":{"14":1,"28":40,"29":40,"43":10,"44":10,"51":52,"52":50},"path":"/Users/ivanzhelyazkov/Work/side/origin/usdx-vault-task/contracts/USDX.sol","s":{"1":1,"2":40,"3":40,"4":10,"5":10,"6":52},"b":{"1":[50,2]},"f":{"1":1,"2":1,"3":40,"4":10,"5":52},"fnMap":{"1":{"name":"constructor","line":10,"loc":{"start":{"line":10,"column":4},"end":{"line":10,"column":79}}},"2":{"name":"initialize","line":13,"loc":{"start":{"line":13,"column":4},"end":{"line":15,"column":4}}},"3":{"name":"mint","line":25,"loc":{"start":{"line":23,"column":4},"end":{"line":30,"column":4}}},"4":{"name":"burnFrom","line":40,"loc":{"start":{"line":38,"column":4},"end":{"line":45,"column":4}}},"5":{"name":"onlyVault","line":50,"loc":{"start":{"line":50,"column":4},"end":{"line":53,"column":4}}}},"statementMap":{"1":{"start":{"line":14,"column":8},"end":{"line":14,"column":21}},"2":{"start":{"line":28,"column":8},"end":{"line":28,"column":33}},"3":{"start":{"line":29,"column":8},"end":{"line":29,"column":19}},"4":{"start":{"line":43,"column":8},"end":{"line":43,"column":30}},"5":{"start":{"line":44,"column":8},"end":{"line":44,"column":19}},"6":{"start":{"line":51,"column":8},"end":{"line":51,"column":73}}},"branchMap":{"1":{"line":51,"type":"if","locations":[{"start":{"line":51,"column":8},"end":{"line":51,"column":8}},{"start":{"line":51,"column":8},"end":{"line":51,"column":8}}]}}},"contracts/Vault.sol":{"l":{"46":1,"47":1,"48":1,"74":23,"78":22,"83":21,"84":21,"86":21,"88":21,"94":21,"96":21,"98":21,"108":20,"113":19,"115":19,"117":19,"119":19,"121":19,"123":19,"132":7,"133":6,"135":6,"136":6,"142":5,"144":5,"146":5,"148":5,"162":7,"163":6,"165":6,"166":6,"171":5,"173":5,"175":5,"177":5,"182":5,"189":14,"202":8,"214":5,"215":4,"216":4,"225":3,"226":2,"227":2},"path":"/Users/ivanzhelyazkov/Work/side/origin/usdx-vault-task/contracts/Vault.sol","s":{"1":1,"2":1,"3":1,"4":23,"5":22,"6":21,"7":21,"8":21,"9":21,"10":21,"11":21,"12":21,"13":20,"14":19,"15":19,"16":19,"17":19,"18":19,"19":19,"20":7,"21":6,"22":6,"23":6,"24":5,"25":5,"26":5,"27":5,"28":7,"29":6,"30":6,"31":6,"32":5,"33":5,"34":5,"35":5,"36":5,"37":14,"38":8,"39":5,"40":4,"41":4,"42":3,"43":2,"44":2},"b":{"1":[22,1],"2":[21,1],"3":[19,1],"4":[6,1],"5":[5,1],"6":[6,1],"7":[5,1],"8":[4,1],"9":[2,1]},"f":{"1":1,"2":23,"3":20,"4":7,"5":7,"6":14,"7":8,"8":5,"9":3},"fnMap":{"1":{"name":"constructor","line":41,"loc":{"start":{"line":41,"column":4},"end":{"line":49,"column":4}}},"2":{"name":"mint","line":72,"loc":{"start":{"line":69,"column":4},"end":{"line":99,"column":4}}},"3":{"name":"mintWithUSDT","line":107,"loc":{"start":{"line":107,"column":4},"end":{"line":124,"column":4}}},"4":{"name":"redeem","line":131,"loc":{"start":{"line":131,"column":4},"end":{"line":149,"column":4}}},"5":{"name":"redeemForAsset","line":160,"loc":{"start":{"line":157,"column":4},"end":{"line":183,"column":4}}},"6":{"name":"balance","line":188,"loc":{"start":{"line":188,"column":4},"end":{"line":190,"column":4}}},"7":{"name":"getInvestedAmount","line":197,"loc":{"start":{"line":197,"column":4},"end":{"line":203,"column":4}}},"8":{"name":"whitelistAsset","line":213,"loc":{"start":{"line":213,"column":4},"end":{"line":218,"column":4}}},"9":{"name":"delistAsset","line":224,"loc":{"start":{"line":224,"column":4},"end":{"line":229,"column":4}}}},"statementMap":{"1":{"start":{"line":46,"column":8},"end":{"line":46,"column":19}},"2":{"start":{"line":47,"column":8},"end":{"line":47,"column":19}},"3":{"start":{"line":48,"column":8},"end":{"line":48,"column":23}},"4":{"start":{"line":74,"column":8},"end":{"line":74,"column":2449}},"5":{"start":{"line":78,"column":8},"end":{"line":78,"column":2556}},"6":{"start":{"line":83,"column":8},"end":{"line":83,"column":52}},"7":{"start":{"line":84,"column":8},"end":{"line":84,"column":63}},"8":{"start":{"line":86,"column":8},"end":{"line":86,"column":62}},"9":{"start":{"line":88,"column":8},"end":{"line":88,"column":3037}},"10":{"start":{"line":94,"column":8},"end":{"line":94,"column":49}},"11":{"start":{"line":96,"column":8},"end":{"line":96,"column":56}},"12":{"start":{"line":98,"column":8},"end":{"line":98,"column":48}},"13":{"start":{"line":108,"column":8},"end":{"line":108,"column":3747}},"14":{"start":{"line":113,"column":8},"end":{"line":113,"column":59}},"15":{"start":{"line":115,"column":8},"end":{"line":115,"column":62}},"16":{"start":{"line":117,"column":8},"end":{"line":117,"column":77}},"17":{"start":{"line":119,"column":8},"end":{"line":119,"column":49}},"18":{"start":{"line":121,"column":8},"end":{"line":121,"column":63}},"19":{"start":{"line":123,"column":8},"end":{"line":123,"column":55}},"20":{"start":{"line":132,"column":8},"end":{"line":132,"column":66}},"21":{"start":{"line":133,"column":8},"end":{"line":133,"column":59}},"22":{"start":{"line":135,"column":8},"end":{"line":135,"column":62}},"23":{"start":{"line":136,"column":8},"end":{"line":136,"column":4991}},"24":{"start":{"line":142,"column":8},"end":{"line":142,"column":75}},"25":{"start":{"line":144,"column":8},"end":{"line":144,"column":41}},"26":{"start":{"line":146,"column":8},"end":{"line":146,"column":70}},"27":{"start":{"line":148,"column":8},"end":{"line":148,"column":57}},"28":{"start":{"line":162,"column":8},"end":{"line":162,"column":66}},"29":{"start":{"line":163,"column":8},"end":{"line":163,"column":52}},"30":{"start":{"line":165,"column":8},"end":{"line":165,"column":62}},"31":{"start":{"line":166,"column":8},"end":{"line":166,"column":6179}},"32":{"start":{"line":171,"column":8},"end":{"line":171,"column":63}},"33":{"start":{"line":173,"column":8},"end":{"line":173,"column":68}},"34":{"start":{"line":175,"column":8},"end":{"line":175,"column":41}},"35":{"start":{"line":177,"column":8},"end":{"line":177,"column":6686}},"36":{"start":{"line":182,"column":8},"end":{"line":182,"column":50}},"37":{"start":{"line":189,"column":8},"end":{"line":189,"column":41}},"38":{"start":{"line":202,"column":8},"end":{"line":202,"column":48}},"39":{"start":{"line":214,"column":8},"end":{"line":214,"column":7916}},"40":{"start":{"line":215,"column":12},"end":{"line":215,"column":44}},"41":{"start":{"line":216,"column":12},"end":{"line":216,"column":41}},"42":{"start":{"line":225,"column":8},"end":{"line":225,"column":8255}},"43":{"start":{"line":226,"column":12},"end":{"line":226,"column":45}},"44":{"start":{"line":227,"column":12},"end":{"line":227,"column":38}}},"branchMap":{"1":{"line":74,"type":"if","locations":[{"start":{"line":74,"column":8},"end":{"line":74,"column":8}},{"start":{"line":74,"column":8},"end":{"line":74,"column":8}}]},"2":{"line":78,"type":"if","locations":[{"start":{"line":78,"column":8},"end":{"line":78,"column":8}},{"start":{"line":78,"column":8},"end":{"line":78,"column":8}}]},"3":{"line":108,"type":"if","locations":[{"start":{"line":108,"column":8},"end":{"line":108,"column":8}},{"start":{"line":108,"column":8},"end":{"line":108,"column":8}}]},"4":{"line":132,"type":"if","locations":[{"start":{"line":132,"column":8},"end":{"line":132,"column":8}},{"start":{"line":132,"column":8},"end":{"line":132,"column":8}}]},"5":{"line":136,"type":"if","locations":[{"start":{"line":136,"column":8},"end":{"line":136,"column":8}},{"start":{"line":136,"column":8},"end":{"line":136,"column":8}}]},"6":{"line":162,"type":"if","locations":[{"start":{"line":162,"column":8},"end":{"line":162,"column":8}},{"start":{"line":162,"column":8},"end":{"line":162,"column":8}}]},"7":{"line":166,"type":"if","locations":[{"start":{"line":166,"column":8},"end":{"line":166,"column":8}},{"start":{"line":166,"column":8},"end":{"line":166,"column":8}}]},"8":{"line":214,"type":"if","locations":[{"start":{"line":214,"column":8},"end":{"line":214,"column":8}},{"start":{"line":214,"column":8},"end":{"line":214,"column":8}}]},"9":{"line":225,"type":"if","locations":[{"start":{"line":225,"column":8},"end":{"line":225,"column":8}},{"start":{"line":225,"column":8},"end":{"line":225,"column":8}}]}}}}